<?xml version="1.0" encoding="UTF-8"?>
<testsuite name="com.example.demo.redtest.RedTestApplicationTest" tests="1" skipped="0" failures="0" errors="0" timestamp="2019-02-13T20:15:38" hostname="sare.local" time="5.003">
  <properties/>
  <testcase name="testsWholeThing" classname="com.example.demo.redtest.RedTestApplicationTest" time="5.003"/>
  <system-out><![CDATA[]]></system-out>
  <system-err><![CDATA[]]></system-err>
</testsuite>
