<?xml version="1.0" encoding="UTF-8"?>
<testsuite name="com.example.demo.redtest.RedTestApplicationTest" tests="1" skipped="0" failures="0" errors="0" timestamp="2019-02-13T21:51:35" hostname="sare.local" time="6.322">
  <properties/>
  <testcase name="testsWholeThing" classname="com.example.demo.redtest.RedTestApplicationTest" time="6.322"/>
  <system-out><![CDATA[15:51:33.856 [Test worker] DEBUG org.springframework.test.context.junit4.SpringJUnit4ClassRunner - SpringJUnit4ClassRunner constructor called with [class com.example.demo.redtest.RedTestApplicationTest]
15:51:33.863 [Test worker] DEBUG org.springframework.test.context.BootstrapUtils - Instantiating CacheAwareContextLoaderDelegate from class [org.springframework.test.context.cache.DefaultCacheAwareContextLoaderDelegate]
15:51:33.870 [Test worker] DEBUG org.springframework.test.context.BootstrapUtils - Instantiating BootstrapContext using constructor [public org.springframework.test.context.support.DefaultBootstrapContext(java.lang.Class,org.springframework.test.context.CacheAwareContextLoaderDelegate)]
15:51:33.887 [Test worker] DEBUG org.springframework.test.context.BootstrapUtils - Instantiating TestContextBootstrapper for test class [com.example.demo.redtest.RedTestApplicationTest] from class [org.springframework.boot.test.context.SpringBootTestContextBootstrapper]
15:51:33.896 [Test worker] INFO org.springframework.boot.test.context.SpringBootTestContextBootstrapper - Neither @ContextConfiguration nor @ContextHierarchy found for test class [com.example.demo.redtest.RedTestApplicationTest], using SpringBootContextLoader
15:51:33.899 [Test worker] DEBUG org.springframework.test.context.support.AbstractContextLoader - Did not detect default resource location for test class [com.example.demo.redtest.RedTestApplicationTest]: class path resource [com/example/demo/redtest/RedTestApplicationTest-context.xml] does not exist
15:51:33.899 [Test worker] DEBUG org.springframework.test.context.support.AbstractContextLoader - Did not detect default resource location for test class [com.example.demo.redtest.RedTestApplicationTest]: class path resource [com/example/demo/redtest/RedTestApplicationTestContext.groovy] does not exist
15:51:33.900 [Test worker] INFO org.springframework.test.context.support.AbstractContextLoader - Could not detect default resource locations for test class [com.example.demo.redtest.RedTestApplicationTest]: no resource found for suffixes {-context.xml, Context.groovy}.
15:51:33.937 [Test worker] DEBUG org.springframework.test.context.support.ActiveProfilesUtils - Could not find an 'annotation declaring class' for annotation type [org.springframework.test.context.ActiveProfiles] and class [com.example.demo.redtest.RedTestApplicationTest]
15:51:34.050 [Test worker] DEBUG org.springframework.boot.test.context.SpringBootTestContextBootstrapper - @TestExecutionListeners is not present for class [com.example.demo.redtest.RedTestApplicationTest]: using defaults.
15:51:34.051 [Test worker] INFO org.springframework.boot.test.context.SpringBootTestContextBootstrapper - Loaded default TestExecutionListener class names from location [META-INF/spring.factories]: [org.springframework.boot.test.autoconfigure.restdocs.RestDocsTestExecutionListener, org.springframework.boot.test.autoconfigure.web.client.MockRestServiceServerResetTestExecutionListener, org.springframework.boot.test.autoconfigure.web.servlet.MockMvcPrintOnlyOnFailureTestExecutionListener, org.springframework.boot.test.autoconfigure.web.servlet.WebDriverTestExecutionListener, org.springframework.boot.test.mock.mockito.MockitoTestExecutionListener, org.springframework.boot.test.mock.mockito.ResetMocksTestExecutionListener, org.springframework.test.context.web.ServletTestExecutionListener, org.springframework.test.context.support.DirtiesContextBeforeModesTestExecutionListener, org.springframework.test.context.support.DependencyInjectionTestExecutionListener, org.springframework.test.context.support.DirtiesContextTestExecutionListener, org.springframework.test.context.transaction.TransactionalTestExecutionListener, org.springframework.test.context.jdbc.SqlScriptsTestExecutionListener]
15:51:34.057 [Test worker] DEBUG org.springframework.boot.test.context.SpringBootTestContextBootstrapper - Skipping candidate TestExecutionListener [org.springframework.test.context.web.ServletTestExecutionListener] due to a missing dependency. Specify custom listener classes or make the default listener classes and their required dependencies available. Offending class: [javax/servlet/ServletContext]
15:51:34.063 [Test worker] INFO org.springframework.boot.test.context.SpringBootTestContextBootstrapper - Using TestExecutionListeners: [org.springframework.test.context.support.DirtiesContextBeforeModesTestExecutionListener@65d6017b, org.springframework.boot.test.mock.mockito.MockitoTestExecutionListener@363e350f, org.springframework.boot.test.autoconfigure.SpringBootDependencyInjectionTestExecutionListener@39e95ba5, org.springframework.test.context.support.DirtiesContextTestExecutionListener@2f596c5f, org.springframework.test.context.transaction.TransactionalTestExecutionListener@7a516d16, org.springframework.test.context.jdbc.SqlScriptsTestExecutionListener@3d80a91e, org.springframework.boot.test.autoconfigure.restdocs.RestDocsTestExecutionListener@4e47f978, org.springframework.boot.test.autoconfigure.web.client.MockRestServiceServerResetTestExecutionListener@2a985f7b, org.springframework.boot.test.autoconfigure.web.servlet.MockMvcPrintOnlyOnFailureTestExecutionListener@5bd0aee3, org.springframework.boot.test.autoconfigure.web.servlet.WebDriverTestExecutionListener@63a024de, org.springframework.boot.test.mock.mockito.ResetMocksTestExecutionListener@125d9deb]
15:51:34.065 [Test worker] DEBUG org.springframework.test.annotation.ProfileValueUtils - Retrieved @ProfileValueSourceConfiguration [null] for test class [com.example.demo.redtest.RedTestApplicationTest]
15:51:34.065 [Test worker] DEBUG org.springframework.test.annotation.ProfileValueUtils - Retrieved ProfileValueSource type [class org.springframework.test.annotation.SystemProfileValueSource] for class [com.example.demo.redtest.RedTestApplicationTest]
15:51:34.066 [Test worker] DEBUG org.springframework.test.annotation.ProfileValueUtils - Retrieved @ProfileValueSourceConfiguration [null] for test class [com.example.demo.redtest.RedTestApplicationTest]
15:51:34.066 [Test worker] DEBUG org.springframework.test.annotation.ProfileValueUtils - Retrieved ProfileValueSource type [class org.springframework.test.annotation.SystemProfileValueSource] for class [com.example.demo.redtest.RedTestApplicationTest]
15:51:34.070 [Test worker] DEBUG org.springframework.test.context.support.AbstractDirtiesContextTestExecutionListener - Before test class: context [DefaultTestContext@13994af8 testClass = RedTestApplicationTest, testInstance = [null], testMethod = [null], testException = [null], mergedContextConfiguration = [MergedContextConfiguration@4512d743 testClass = RedTestApplicationTest, locations = '{}', classes = '{class com.example.demo.redtest.RedTestApplication, class com.example.demo.redtest.RedTestApplication}', contextInitializerClasses = '[]', activeProfiles = '{}', propertySourceLocations = '{}', propertySourceProperties = '{org.springframework.boot.test.context.SpringBootTestContextBootstrapper=true}', contextCustomizers = set[org.springframework.boot.test.autoconfigure.properties.PropertyMappingContextCustomizer@0, org.springframework.boot.test.autoconfigure.web.servlet.WebDriverContextCustomizerFactory$Customizer@77d2762c, org.springframework.boot.test.context.filter.ExcludeFilterContextCustomizer@2d8e05f6, org.springframework.boot.test.json.DuplicateJsonObjectContextCustomizerFactory$DuplicateJsonObjectContextCustomizer@1deef446, org.springframework.boot.test.mock.mockito.MockitoContextCustomizer@0, org.springframework.boot.test.web.client.TestRestTemplateContextCustomizer@3edadda0], contextLoader = 'org.springframework.boot.test.context.SpringBootContextLoader', parent = [null]], attributes = map[[empty]]], class annotated with @DirtiesContext [false] with mode [null].
15:51:34.070 [Test worker] DEBUG org.springframework.test.annotation.ProfileValueUtils - Retrieved @ProfileValueSourceConfiguration [null] for test class [com.example.demo.redtest.RedTestApplicationTest]
15:51:34.070 [Test worker] DEBUG org.springframework.test.annotation.ProfileValueUtils - Retrieved ProfileValueSource type [class org.springframework.test.annotation.SystemProfileValueSource] for class [com.example.demo.redtest.RedTestApplicationTest]
15:51:34.074 [Test worker] DEBUG org.springframework.test.context.support.DependencyInjectionTestExecutionListener - Performing dependency injection for test context [[DefaultTestContext@13994af8 testClass = RedTestApplicationTest, testInstance = com.example.demo.redtest.RedTestApplicationTest@660c4ad5, testMethod = [null], testException = [null], mergedContextConfiguration = [MergedContextConfiguration@4512d743 testClass = RedTestApplicationTest, locations = '{}', classes = '{class com.example.demo.redtest.RedTestApplication, class com.example.demo.redtest.RedTestApplication}', contextInitializerClasses = '[]', activeProfiles = '{}', propertySourceLocations = '{}', propertySourceProperties = '{org.springframework.boot.test.context.SpringBootTestContextBootstrapper=true}', contextCustomizers = set[org.springframework.boot.test.autoconfigure.properties.PropertyMappingContextCustomizer@0, org.springframework.boot.test.autoconfigure.web.servlet.WebDriverContextCustomizerFactory$Customizer@77d2762c, org.springframework.boot.test.context.filter.ExcludeFilterContextCustomizer@2d8e05f6, org.springframework.boot.test.json.DuplicateJsonObjectContextCustomizerFactory$DuplicateJsonObjectContextCustomizer@1deef446, org.springframework.boot.test.mock.mockito.MockitoContextCustomizer@0, org.springframework.boot.test.web.client.TestRestTemplateContextCustomizer@3edadda0], contextLoader = 'org.springframework.boot.test.context.SpringBootContextLoader', parent = [null]], attributes = map[[empty]]]].
15:51:34.098 [Test worker] DEBUG org.springframework.test.context.support.TestPropertySourceUtils - Adding inlined properties to environment: {spring.jmx.enabled=false, org.springframework.boot.test.context.SpringBootTestContextBootstrapper=true, server.port=-1}

  .   ____          _            __ _ _
 /\\ / ___'_ __ _ _(_)_ __  __ _ \ \ \ \
( ( )\___ | '_ | '_| | '_ \/ _` | \ \ \ \
 \\/  ___)| |_)| | | | | || (_| |  ) ) ) )
  '  |____| .__|_| |_|_| |_\__, | / / / /
 =========|_|==============|___/=/_/_/_/
 :: Spring Boot ::        (v2.1.2.RELEASE)

2019-02-13 15:51:34.298  INFO 84229 --- [    Test worker] c.e.demo.redtest.RedTestApplicationTest  : Starting RedTestApplicationTest on sare.local with PID 84229 (started by sare in /Users/sare/workspace/event-red-testing/red-test)
2019-02-13 15:51:34.299  INFO 84229 --- [    Test worker] c.e.demo.redtest.RedTestApplicationTest  : No active profile set, falling back to default profiles: default
2019-02-13 15:51:35.105  INFO 84229 --- [    Test worker] faultConfiguringBeanFactoryPostProcessor : No bean named 'errorChannel' has been explicitly defined. Therefore, a default PublishSubscribeChannel will be created.
2019-02-13 15:51:35.111  INFO 84229 --- [    Test worker] faultConfiguringBeanFactoryPostProcessor : No bean named 'taskScheduler' has been explicitly defined. Therefore, a default ThreadPoolTaskScheduler will be created.
2019-02-13 15:51:35.116  INFO 84229 --- [    Test worker] faultConfiguringBeanFactoryPostProcessor : No bean named 'integrationHeaderChannelRegistry' has been explicitly defined. Therefore, a default DefaultHeaderChannelRegistry will be created.
2019-02-13 15:51:35.137  INFO 84229 --- [    Test worker] trationDelegate$BeanPostProcessorChecker : Bean 'org.springframework.amqp.rabbit.annotation.RabbitBootstrapConfiguration' of type [org.springframework.amqp.rabbit.annotation.RabbitBootstrapConfiguration$$EnhancerBySpringCGLIB$$a7433dca] is not eligible for getting processed by all BeanPostProcessors (for example: not eligible for auto-proxying)
2019-02-13 15:51:35.205  INFO 84229 --- [    Test worker] trationDelegate$BeanPostProcessorChecker : Bean 'org.springframework.integration.config.IntegrationManagementConfiguration' of type [org.springframework.integration.config.IntegrationManagementConfiguration$$EnhancerBySpringCGLIB$$4bc93acb] is not eligible for getting processed by all BeanPostProcessors (for example: not eligible for auto-proxying)
2019-02-13 15:51:35.227  INFO 84229 --- [    Test worker] trationDelegate$BeanPostProcessorChecker : Bean 'integrationDisposableAutoCreatedBeans' of type [org.springframework.integration.config.annotation.Disposables] is not eligible for getting processed by all BeanPostProcessors (for example: not eligible for auto-proxying)
2019-02-13 15:51:35.846  INFO 84229 --- [    Test worker] o.s.s.c.ThreadPoolTaskScheduler          : Initializing ExecutorService 'taskScheduler'
2019-02-13 15:51:35.912  INFO 84229 --- [    Test worker] o.s.i.endpoint.EventDrivenConsumer       : Adding {logging-channel-adapter:_org.springframework.integration.errorLogger} as a subscriber to the 'errorChannel' channel
2019-02-13 15:51:35.912  INFO 84229 --- [    Test worker] o.s.i.channel.PublishSubscribeChannel    : Channel 'application.errorChannel' has 1 subscriber(s).
2019-02-13 15:51:35.912  INFO 84229 --- [    Test worker] o.s.i.endpoint.EventDrivenConsumer       : started _org.springframework.integration.errorLogger
2019-02-13 15:51:35.922  INFO 84229 --- [    Test worker] c.e.demo.redtest.RedTestApplicationTest  : Started RedTestApplicationTest in 1.822 seconds (JVM running for 2.601)
]]></system-out>
  <system-err><![CDATA[]]></system-err>
</testsuite>
